<?xml version="1.0" encoding="UTF-8"?>
<!-- Generated by org.testng.reporters.JUnitReportReporter -->
<testsuite hostname="EC2AMAZ-S11DBRH" failures="0" tests="3" name="runners.GooglePageRunner" time="14.807" errors="0" timestamp="2024-05-07T04:54:41 GMT" skipped="0">
  <testcase classname="runners.GooglePageRunner" name="runScenario" time="4.333"/>
  <system-out/>
  <testcase classname="runners.GooglePageRunner" name="runScenario" time="5.422"/>
  <system-out/>
  <testcase classname="runners.GooglePageRunner" name="runScenario" time="5.052"/>
  <system-out/>
</testsuite> <!-- runners.GooglePageRunner -->
