<?xml version="1.0" encoding="UTF-8"?>
<!-- Generated by org.testng.reporters.JUnitReportReporter -->
<testsuite hostname="EC2AMAZ-S11DBRH" failures="0" tests="3" name="runners.GooglePageRunner" time="14.469" errors="0" timestamp="2024-05-06T07:24:24 GMT" skipped="0">
  <testcase classname="runners.GooglePageRunner" name="runScenario" time="4.981"/>
  <system-out/>
  <testcase classname="runners.GooglePageRunner" name="runScenario" time="4.235"/>
  <system-out/>
  <testcase classname="runners.GooglePageRunner" name="runScenario" time="5.253"/>
  <system-out/>
</testsuite> <!-- runners.GooglePageRunner -->
